# JRE version: OpenJDK Runtime Environment Temurin-17.0.13+11 (17.0.13+11) (build 17.0.13+11)
# Java VM: OpenJDK 64-Bit Server VM Temurin-17.0.13+11 (17.0.13+11, mixed mode, tiered, compressed oops, compressed class ptrs, parallel gc, windows-amd64)
GC Precious Log:
 CPUs: 16 total, 16 available
 Memory: 7860M
 Large Page Support: Disabled
 NUMA Support: Disabled
 Compressed Oops: Enabled (32-bit)
 Alignments: Space 512K, Generation 512K, Heap 2M
 Heap Min Capacity: 100M
 Heap Initial Capacity: 100M
 Heap Max Capacity: 1G
 Pre-touch: Disabled
 Parallel Workers: 13
Heap:
 PSYoungGen      total 9728K, used 9512K [0x00000000eab00000, 0x00000000ebb00000, 0x0000000100000000)
  eden space 4096K, 99% used [0x00000000eab00000,0x00000000eaefa190,0x00000000eaf00000)
  from space 5632K, 96% used [0x00000000eaf80000,0x00000000eb4d0000,0x00000000eb500000)
  to   space 6144K, 0% used [0x00000000eb500000,0x00000000eb500000,0x00000000ebb00000)
 ParOldGen       total 388608K, used 327984K [0x00000000c0000000, 0x00000000d7b80000, 0x00000000eab00000)
  object space 388608K, 84% used [0x00000000c0000000,0x00000000d404c3a0,0x00000000d7b80000)
 Metaspace       used 57398K, committed 58496K, reserved 1114112K
  class space    used 6081K, committed 6528K, reserved 1048576K
GC Heap History (20 events):
Event: 15.624 GC heap before
{Heap before GC invocations=399 (full 13):
 PSYoungGen      total 12288K, used 12274K [0x00000000eab00000, 0x00000000ec480000, 0x0000000100000000)
  eden space 5632K, 100% used [0x00000000eab00000,0x00000000eb080000,0x00000000eb080000)
  from space 6656K, 99% used [0x00000000eb080000,0x00000000eb6fc950,0x00000000eb700000)
  to   space 10240K, 0% used [0x00000000eba80000,0x00000000eba80000,0x00000000ec480000)
 ParOldGen       total 322048K, used 319784K [0x00000000c0000000, 0x00000000d3a80000, 0x00000000eab00000)
  object space 322048K, 99% used [0x00000000c0000000,0x00000000d384a110,0x00000000d3a80000)
 Metaspace       used 57378K, committed 58496K, reserved 1114112K
  class space    used 6081K, committed 6528K, reserved 1048576K
}
Event: 15.785 GC heap after
{Heap after GC invocations=399 (full 13):
 PSYoungGen      total 15872K, used 0K [0x00000000eab00000, 0x00000000ec500000, 0x0000000100000000)
  eden space 5632K, 0% used [0x00000000eab00000,0x00000000eab00000,0x00000000eb080000)
  from space 10240K, 0% used [0x00000000eba80000,0x00000000eba80000,0x00000000ec480000)
  to   space 10240K, 0% used [0x00000000eb080000,0x00000000eb080000,0x00000000eba80000)
 ParOldGen       total 322048K, used 318919K [0x00000000c0000000, 0x00000000d3a80000, 0x00000000eab00000)
  object space 322048K, 99% used [0x00000000c0000000,0x00000000d3771dc8,0x00000000d3a80000)
 Metaspace       used 57378K, committed 58496K, reserved 1114112K
  class space    used 6081K, committed 6528K, reserved 1048576K
}
Event: 15.879 GC heap before
{Heap before GC invocations=400 (full 13):
 PSYoungGen      total 15872K, used 5632K [0x00000000eab00000, 0x00000000ec500000, 0x0000000100000000)
  eden space 5632K, 100% used [0x00000000eab00000,0x00000000eb080000,0x00000000eb080000)
  from space 10240K, 0% used [0x00000000eba80000,0x00000000eba80000,0x00000000ec480000)
  to   space 10240K, 0% used [0x00000000eb080000,0x00000000eb080000,0x00000000eba80000)
 ParOldGen       total 322048K, used 318919K [0x00000000c0000000, 0x00000000d3a80000, 0x00000000eab00000)
  object space 322048K, 99% used [0x00000000c0000000,0x00000000d3771dc8,0x00000000d3a80000)
 Metaspace       used 57378K, committed 58496K, reserved 1114112K
  class space    used 6081K, committed 6528K, reserved 1048576K
}
Event: 15.885 GC heap after
{Heap after GC invocations=400 (full 13):
 PSYoungGen      total 10752K, used 4685K [0x00000000eab00000, 0x00000000ebe00000, 0x0000000100000000)
  eden space 5632K, 0% used [0x00000000eab00000,0x00000000eab00000,0x00000000eb080000)
  from space 5120K, 91% used [0x00000000eb080000,0x00000000eb5137b0,0x00000000eb580000)
  to   space 6656K, 0% used [0x00000000eb780000,0x00000000eb780000,0x00000000ebe00000)
 ParOldGen       total 322048K, used 318919K [0x00000000c0000000, 0x00000000d3a80000, 0x00000000eab00000)
  object space 322048K, 99% used [0x00000000c0000000,0x00000000d3771dc8,0x00000000d3a80000)
 Metaspace       used 57378K, committed 58496K, reserved 1114112K
  class space    used 6081K, committed 6528K, reserved 1048576K
}
Event: 15.989 GC heap before
{Heap before GC invocations=401 (full 13):
 PSYoungGen      total 10752K, used 10054K [0x00000000eab00000, 0x00000000ebe00000, 0x0000000100000000)
  eden space 5632K, 95% used [0x00000000eab00000,0x00000000eb03e3b0,0x00000000eb080000)
  from space 5120K, 91% used [0x00000000eb080000,0x00000000eb5137b0,0x00000000eb580000)
  to   space 6656K, 0% used [0x00000000eb780000,0x00000000eb780000,0x00000000ebe00000)
 ParOldGen       total 322048K, used 318919K [0x00000000c0000000, 0x00000000d3a80000, 0x00000000eab00000)
  object space 322048K, 99% used [0x00000000c0000000,0x00000000d3771dc8,0x00000000d3a80000)
 Metaspace       used 57378K, committed 58496K, reserved 1114112K
  class space    used 6081K, committed 6528K, reserved 1048576K
}
Event: 15.995 GC heap after
{Heap after GC invocations=401 (full 13):
 PSYoungGen      total 9728K, used 6641K [0x00000000eab00000, 0x00000000ec400000, 0x0000000100000000)
  eden space 3072K, 0% used [0x00000000eab00000,0x00000000eab00000,0x00000000eae00000)
  from space 6656K, 99% used [0x00000000eb780000,0x00000000ebdfc6c0,0x00000000ebe00000)
  to   space 9728K, 0% used [0x00000000eae00000,0x00000000eae00000,0x00000000eb780000)
 ParOldGen       total 322048K, used 321005K [0x00000000c0000000, 0x00000000d3a80000, 0x00000000eab00000)
  object space 322048K, 99% used [0x00000000c0000000,0x00000000d397b7a0,0x00000000d3a80000)
 Metaspace       used 57378K, committed 58496K, reserved 1114112K
  class space    used 6081K, committed 6528K, reserved 1048576K
}
Event: 16.068 GC heap before
{Heap before GC invocations=402 (full 14):
 PSYoungGen      total 9728K, used 9713K [0x00000000eab00000, 0x00000000ec400000, 0x0000000100000000)
  eden space 3072K, 100% used [0x00000000eab00000,0x00000000eae00000,0x00000000eae00000)
  from space 6656K, 99% used [0x00000000eb780000,0x00000000ebdfc6c0,0x00000000ebe00000)
  to   space 9728K, 0% used [0x00000000eae00000,0x00000000eae00000,0x00000000eb780000)
 ParOldGen       total 322048K, used 321005K [0x00000000c0000000, 0x00000000d3a80000, 0x00000000eab00000)
  object space 322048K, 99% used [0x00000000c0000000,0x00000000d397b7a0,0x00000000d3a80000)
 Metaspace       used 57378K, committed 58496K, reserved 1114112K
  class space    used 6081K, committed 6528K, reserved 1048576K
}
Event: 16.311 GC heap after
{Heap after GC invocations=402 (full 14):
 PSYoungGen      total 9728K, used 4536K [0x00000000eab00000, 0x00000000ec180000, 0x0000000100000000)
  eden space 3072K, 0% used [0x00000000eab00000,0x00000000eab00000,0x00000000eae00000)
  from space 6656K, 68% used [0x00000000eb780000,0x00000000ebbee318,0x00000000ebe00000)
  to   space 9728K, 0% used [0x00000000eae00000,0x00000000eae00000,0x00000000eb780000)
 ParOldGen       total 322048K, used 322012K [0x00000000c0000000, 0x00000000d3a80000, 0x00000000eab00000)
  object space 322048K, 99% used [0x00000000c0000000,0x00000000d3a773a0,0x00000000d3a80000)
 Metaspace       used 57378K, committed 58496K, reserved 1114112K
  class space    used 6081K, committed 6528K, reserved 1048576K
}
Event: 16.374 GC heap before
{Heap before GC invocations=403 (full 15):
 PSYoungGen      total 9728K, used 7608K [0x00000000eab00000, 0x00000000ec180000, 0x0000000100000000)
  eden space 3072K, 99% used [0x00000000eab00000,0x00000000eadfffd8,0x00000000eae00000)
  from space 6656K, 68% used [0x00000000eb780000,0x00000000ebbee318,0x00000000ebe00000)
  to   space 9728K, 0% used [0x00000000eae00000,0x00000000eae00000,0x00000000eb780000)
 ParOldGen       total 322048K, used 322012K [0x00000000c0000000, 0x00000000d3a80000, 0x00000000eab00000)
  object space 322048K, 99% used [0x00000000c0000000,0x00000000d3a773a0,0x00000000d3a80000)
 Metaspace       used 57393K, committed 58496K, reserved 1114112K
  class space    used 6081K, committed 6528K, reserved 1048576K
}
Event: 16.564 GC heap after
{Heap after GC invocations=403 (full 15):
 PSYoungGen      total 9728K, used 6352K [0x00000000eab00000, 0x00000000ec180000, 0x0000000100000000)
  eden space 3072K, 92% used [0x00000000eab00000,0x00000000eadc9d10,0x00000000eae00000)
  from space 6656K, 52% used [0x00000000eb780000,0x00000000ebaea598,0x00000000ebe00000)
  to   space 9728K, 0% used [0x00000000eae00000,0x00000000eae00000,0x00000000eb780000)
 ParOldGen       total 388608K, used 321733K [0x00000000c0000000, 0x00000000d7b80000, 0x00000000eab00000)
  object space 388608K, 82% used [0x00000000c0000000,0x00000000d3a317d0,0x00000000d7b80000)
 Metaspace       used 57393K, committed 58496K, reserved 1114112K
  class space    used 6081K, committed 6528K, reserved 1048576K
}
Event: 16.568 GC heap before
{Heap before GC invocations=404 (full 15):
 PSYoungGen      total 9728K, used 6569K [0x00000000eab00000, 0x00000000ec180000, 0x0000000100000000)
  eden space 3072K, 100% used [0x00000000eab00000,0x00000000eae00000,0x00000000eae00000)
  from space 6656K, 52% used [0x00000000eb780000,0x00000000ebaea598,0x00000000ebe00000)
  to   space 9728K, 0% used [0x00000000eae00000,0x00000000eae00000,0x00000000eb780000)
 ParOldGen       total 388608K, used 321733K [0x00000000c0000000, 0x00000000d7b80000, 0x00000000eab00000)
  object space 388608K, 82% used [0x00000000c0000000,0x00000000d3a317d0,0x00000000d7b80000)
 Metaspace       used 57393K, committed 58496K, reserved 1114112K
  class space    used 6081K, committed 6528K, reserved 1048576K
}
Event: 16.580 GC heap after
{Heap after GC invocations=404 (full 15):
 PSYoungGen      total 7680K, used 4498K [0x00000000eab00000, 0x00000000eba80000, 0x0000000100000000)
  eden space 3072K, 0% used [0x00000000eab00000,0x00000000eab00000,0x00000000eae00000)
  from space 4608K, 97% used [0x00000000eae00000,0x00000000eb264b70,0x00000000eb280000)
  to   space 6144K, 0% used [0x00000000eb480000,0x00000000eb480000,0x00000000eba80000)
 ParOldGen       total 388608K, used 324078K [0x00000000c0000000, 0x00000000d7b80000, 0x00000000eab00000)
  object space 388608K, 83% used [0x00000000c0000000,0x00000000d3c7b8e0,0x00000000d7b80000)
 Metaspace       used 57393K, committed 58496K, reserved 1114112K
  class space    used 6081K, committed 6528K, reserved 1048576K
}
Event: 16.651 GC heap before
{Heap before GC invocations=405 (full 15):
 PSYoungGen      total 7680K, used 7570K [0x00000000eab00000, 0x00000000eba80000, 0x0000000100000000)
  eden space 3072K, 100% used [0x00000000eab00000,0x00000000eae00000,0x00000000eae00000)
  from space 4608K, 97% used [0x00000000eae00000,0x00000000eb264b70,0x00000000eb280000)
  to   space 6144K, 0% used [0x00000000eb480000,0x00000000eb480000,0x00000000eba80000)
 ParOldGen       total 388608K, used 324078K [0x00000000c0000000, 0x00000000d7b80000, 0x00000000eab00000)
  object space 388608K, 83% used [0x00000000c0000000,0x00000000d3c7b8e0,0x00000000d7b80000)
 Metaspace       used 57398K, committed 58496K, reserved 1114112K
  class space    used 6081K, committed 6528K, reserved 1048576K
}
Event: 16.655 GC heap after
{Heap after GC invocations=405 (full 15):
 PSYoungGen      total 9216K, used 5982K [0x00000000eab00000, 0x00000000ebb80000, 0x0000000100000000)
  eden space 3072K, 0% used [0x00000000eab00000,0x00000000eab00000,0x00000000eae00000)
  from space 6144K, 97% used [0x00000000eb480000,0x00000000eba57ba0,0x00000000eba80000)
  to   space 6656K, 0% used [0x00000000eae00000,0x00000000eae00000,0x00000000eb480000)
 ParOldGen       total 388608K, used 324078K [0x00000000c0000000, 0x00000000d7b80000, 0x00000000eab00000)
  object space 388608K, 83% used [0x00000000c0000000,0x00000000d3c7b8e0,0x00000000d7b80000)
 Metaspace       used 57398K, committed 58496K, reserved 1114112K
  class space    used 6081K, committed 6528K, reserved 1048576K
}
Event: 16.694 GC heap before
{Heap before GC invocations=406 (full 15):
 PSYoungGen      total 9216K, used 9054K [0x00000000eab00000, 0x00000000ebb80000, 0x0000000100000000)
  eden space 3072K, 100% used [0x00000000eab00000,0x00000000eae00000,0x00000000eae00000)
  from space 6144K, 97% used [0x00000000eb480000,0x00000000eba57ba0,0x00000000eba80000)
  to   space 6656K, 0% used [0x00000000eae00000,0x00000000eae00000,0x00000000eb480000)
 ParOldGen       total 388608K, used 324078K [0x00000000c0000000, 0x00000000d7b80000, 0x00000000eab00000)
  object space 388608K, 83% used [0x00000000c0000000,0x00000000d3c7b8e0,0x00000000d7b80000)
 Metaspace       used 57398K, committed 58496K, reserved 1114112K
  class space    used 6081K, committed 6528K, reserved 1048576K
}
Event: 16.698 GC heap after
{Heap after GC invocations=406 (full 15):
 PSYoungGen      total 9728K, used 6654K [0x00000000eab00000, 0x00000000ebd80000, 0x0000000100000000)
  eden space 3072K, 0% used [0x00000000eab00000,0x00000000eab00000,0x00000000eae00000)
  from space 6656K, 99% used [0x00000000eae00000,0x00000000eb47fba0,0x00000000eb480000)
  to   space 7680K, 0% used [0x00000000eb600000,0x00000000eb600000,0x00000000ebd80000)
 ParOldGen       total 388608K, used 324483K [0x00000000c0000000, 0x00000000d7b80000, 0x00000000eab00000)
  object space 388608K, 83% used [0x00000000c0000000,0x00000000d3ce0e30,0x00000000d7b80000)
 Metaspace       used 57398K, committed 58496K, reserved 1114112K
  class space    used 6081K, committed 6528K, reserved 1048576K
}
Event: 16.778 GC heap before
{Heap before GC invocations=407 (full 15):
 PSYoungGen      total 9728K, used 9726K [0x00000000eab00000, 0x00000000ebd80000, 0x0000000100000000)
  eden space 3072K, 100% used [0x00000000eab00000,0x00000000eae00000,0x00000000eae00000)
  from space 6656K, 99% used [0x00000000eae00000,0x00000000eb47fba0,0x00000000eb480000)
  to   space 7680K, 0% used [0x00000000eb600000,0x00000000eb600000,0x00000000ebd80000)
 ParOldGen       total 388608K, used 324483K [0x00000000c0000000, 0x00000000d7b80000, 0x00000000eab00000)
  object space 388608K, 83% used [0x00000000c0000000,0x00000000d3ce0e30,0x00000000d7b80000)
 Metaspace       used 57398K, committed 58496K, reserved 1114112K
  class space    used 6081K, committed 6528K, reserved 1048576K
}
Event: 16.784 GC heap after
{Heap after GC invocations=407 (full 15):
 PSYoungGen      total 8192K, used 4224K [0x00000000eab00000, 0x00000000eba80000, 0x0000000100000000)
  eden space 3584K, 0% used [0x00000000eab00000,0x00000000eab00000,0x00000000eae80000)
  from space 4608K, 91% used [0x00000000eb600000,0x00000000eba20000,0x00000000eba80000)
  to   space 5632K, 0% used [0x00000000eaf80000,0x00000000eaf80000,0x00000000eb500000)
 ParOldGen       total 388608K, used 327984K [0x00000000c0000000, 0x00000000d7b80000, 0x00000000eab00000)
  object space 388608K, 84% used [0x00000000c0000000,0x00000000d404c3a0,0x00000000d7b80000)
 Metaspace       used 57398K, committed 58496K, reserved 1114112K
  class space    used 6081K, committed 6528K, reserved 1048576K
}
Event: 16.948 GC heap before
{Heap before GC invocations=408 (full 15):
 PSYoungGen      total 8192K, used 7808K [0x00000000eab00000, 0x00000000eba80000, 0x0000000100000000)
  eden space 3584K, 100% used [0x00000000eab00000,0x00000000eae80000,0x00000000eae80000)
  from space 4608K, 91% used [0x00000000eb600000,0x00000000eba20000,0x00000000eba80000)
  to   space 5632K, 0% used [0x00000000eaf80000,0x00000000eaf80000,0x00000000eb500000)
 ParOldGen       total 388608K, used 327984K [0x00000000c0000000, 0x00000000d7b80000, 0x00000000eab00000)
  object space 388608K, 84% used [0x00000000c0000000,0x00000000d404c3a0,0x00000000d7b80000)
 Metaspace       used 57398K, committed 58496K, reserved 1114112K
  class space    used 6081K, committed 6528K, reserved 1048576K
}
Event: 16.952 GC heap after
{Heap after GC invocations=408 (full 15):
 PSYoungGen      total 9728K, used 5440K [0x00000000eab00000, 0x00000000ebb00000, 0x0000000100000000)
  eden space 4096K, 0% used [0x00000000eab00000,0x00000000eab00000,0x00000000eaf00000)
  from space 5632K, 96% used [0x00000000eaf80000,0x00000000eb4d0000,0x00000000eb500000)
  to   space 6144K, 0% used [0x00000000eb500000,0x00000000eb500000,0x00000000ebb00000)
 ParOldGen       total 388608K, used 327984K [0x00000000c0000000, 0x00000000d7b80000, 0x00000000eab00000)
  object space 388608K, 84% used [0x00000000c0000000,0x00000000d404c3a0,0x00000000d7b80000)
 Metaspace       used 57398K, committed 58496K, reserved 1114112K
  class space    used 6081K, committed 6528K, reserved 1048576K
}

