# JRE version: OpenJDK Runtime Environment Temurin-17.0.13+11 (17.0.13+11) (build 17.0.13+11)
# Java VM: OpenJDK 64-Bit Server VM Temurin-17.0.13+11 (17.0.13+11, mixed mode, tiered, compressed oops, compressed class ptrs, parallel gc, windows-amd64)
GC Precious Log:
 CPUs: 16 total, 16 available
 Memory: 7860M
 Large Page Support: Disabled
 NUMA Support: Disabled
 Compressed Oops: Enabled (32-bit)
 Alignments: Space 512K, Generation 512K, Heap 2M
 Heap Min Capacity: 100M
 Heap Initial Capacity: 100M
 Heap Max Capacity: 1G
 Pre-touch: Disabled
 Parallel Workers: 13
Heap:
 PSYoungGen      total 14848K, used 5904K [0x00000000eab00000, 0x00000000ebc80000, 0x0000000100000000)
  eden space 11776K, 25% used [0x00000000eab00000,0x00000000eadf4518,0x00000000eb680000)
  from space 3072K, 93% used [0x00000000eb980000,0x00000000ebc4fb70,0x00000000ebc80000)
  to   space 3072K, 0% used [0x00000000eb680000,0x00000000eb680000,0x00000000eb980000)
 ParOldGen       total 150528K, used 144904K [0x00000000c0000000, 0x00000000c9300000, 0x00000000eab00000)
  object space 150528K, 96% used [0x00000000c0000000,0x00000000c8d82188,0x00000000c9300000)
 Metaspace       used 57012K, committed 58112K, reserved 1114112K
  class space    used 6089K, committed 6592K, reserved 1048576K
GC Heap History (20 events):
Event: 25.059 GC heap before
{Heap before GC invocations=44 (full 3):
 PSYoungGen      total 18432K, used 18430K [0x00000000eab00000, 0x00000000ec880000, 0x0000000100000000)
  eden space 14848K, 100% used [0x00000000eab00000,0x00000000eb980000,0x00000000eb980000)
  from space 3584K, 99% used [0x00000000eba00000,0x00000000ebd7fb70,0x00000000ebd80000)
  to   space 7680K, 0% used [0x00000000ec100000,0x00000000ec100000,0x00000000ec880000)
 ParOldGen       total 96256K, used 81253K [0x00000000c0000000, 0x00000000c5e00000, 0x00000000eab00000)
  object space 96256K, 84% used [0x00000000c0000000,0x00000000c4f597c8,0x00000000c5e00000)
 Metaspace       used 56958K, committed 58048K, reserved 1114112K
  class space    used 6088K, committed 6592K, reserved 1048576K
}
Event: 25.063 GC heap after
{Heap after GC invocations=44 (full 3):
 PSYoungGen      total 18432K, used 3514K [0x00000000eab00000, 0x00000000ec480000, 0x0000000100000000)
  eden space 14848K, 0% used [0x00000000eab00000,0x00000000eab00000,0x00000000eb980000)
  from space 3584K, 98% used [0x00000000ec100000,0x00000000ec46e8b8,0x00000000ec480000)
  to   space 5120K, 0% used [0x00000000eba80000,0x00000000eba80000,0x00000000ebf80000)
 ParOldGen       total 96256K, used 84727K [0x00000000c0000000, 0x00000000c5e00000, 0x00000000eab00000)
  object space 96256K, 88% used [0x00000000c0000000,0x00000000c52bddd0,0x00000000c5e00000)
 Metaspace       used 56958K, committed 58048K, reserved 1114112K
  class space    used 6088K, committed 6592K, reserved 1048576K
}
Event: 25.166 GC heap before
{Heap before GC invocations=45 (full 3):
 PSYoungGen      total 18432K, used 18362K [0x00000000eab00000, 0x00000000ec480000, 0x0000000100000000)
  eden space 14848K, 100% used [0x00000000eab00000,0x00000000eb980000,0x00000000eb980000)
  from space 3584K, 98% used [0x00000000ec100000,0x00000000ec46e8b8,0x00000000ec480000)
  to   space 5120K, 0% used [0x00000000eba80000,0x00000000eba80000,0x00000000ebf80000)
 ParOldGen       total 96256K, used 84727K [0x00000000c0000000, 0x00000000c5e00000, 0x00000000eab00000)
  object space 96256K, 88% used [0x00000000c0000000,0x00000000c52bddd0,0x00000000c5e00000)
 Metaspace       used 56960K, committed 58048K, reserved 1114112K
  class space    used 6088K, committed 6592K, reserved 1048576K
}
Event: 25.169 GC heap after
{Heap after GC invocations=45 (full 3):
 PSYoungGen      total 18432K, used 3295K [0x00000000eab00000, 0x00000000ec180000, 0x0000000100000000)
  eden space 14848K, 0% used [0x00000000eab00000,0x00000000eab00000,0x00000000eb980000)
  from space 3584K, 91% used [0x00000000eba80000,0x00000000ebdb7e28,0x00000000ebe00000)
  to   space 3584K, 0% used [0x00000000ebe00000,0x00000000ebe00000,0x00000000ec180000)
 ParOldGen       total 96256K, used 87857K [0x00000000c0000000, 0x00000000c5e00000, 0x00000000eab00000)
  object space 96256K, 91% used [0x00000000c0000000,0x00000000c55cc518,0x00000000c5e00000)
 Metaspace       used 56960K, committed 58048K, reserved 1114112K
  class space    used 6088K, committed 6592K, reserved 1048576K
}
Event: 25.249 GC heap before
{Heap before GC invocations=46 (full 3):
 PSYoungGen      total 18432K, used 18141K [0x00000000eab00000, 0x00000000ec180000, 0x0000000100000000)
  eden space 14848K, 99% used [0x00000000eab00000,0x00000000eb97f760,0x00000000eb980000)
  from space 3584K, 91% used [0x00000000eba80000,0x00000000ebdb7e28,0x00000000ebe00000)
  to   space 3584K, 0% used [0x00000000ebe00000,0x00000000ebe00000,0x00000000ec180000)
 ParOldGen       total 96256K, used 87857K [0x00000000c0000000, 0x00000000c5e00000, 0x00000000eab00000)
  object space 96256K, 91% used [0x00000000c0000000,0x00000000c55cc518,0x00000000c5e00000)
 Metaspace       used 56961K, committed 58048K, reserved 1114112K
  class space    used 6088K, committed 6592K, reserved 1048576K
}
Event: 25.252 GC heap after
{Heap after GC invocations=46 (full 3):
 PSYoungGen      total 18432K, used 3547K [0x00000000eab00000, 0x00000000ec180000, 0x0000000100000000)
  eden space 14848K, 0% used [0x00000000eab00000,0x00000000eab00000,0x00000000eb980000)
  from space 3584K, 98% used [0x00000000ebe00000,0x00000000ec176c58,0x00000000ec180000)
  to   space 4096K, 0% used [0x00000000eb980000,0x00000000eb980000,0x00000000ebd80000)
 ParOldGen       total 96256K, used 90902K [0x00000000c0000000, 0x00000000c5e00000, 0x00000000eab00000)
  object space 96256K, 94% used [0x00000000c0000000,0x00000000c58c5a28,0x00000000c5e00000)
 Metaspace       used 56961K, committed 58048K, reserved 1114112K
  class space    used 6088K, committed 6592K, reserved 1048576K
}
Event: 25.354 GC heap before
{Heap before GC invocations=47 (full 3):
 PSYoungGen      total 18432K, used 18392K [0x00000000eab00000, 0x00000000ec180000, 0x0000000100000000)
  eden space 14848K, 99% used [0x00000000eab00000,0x00000000eb97f638,0x00000000eb980000)
  from space 3584K, 98% used [0x00000000ebe00000,0x00000000ec176c58,0x00000000ec180000)
  to   space 4096K, 0% used [0x00000000eb980000,0x00000000eb980000,0x00000000ebd80000)
 ParOldGen       total 96256K, used 90902K [0x00000000c0000000, 0x00000000c5e00000, 0x00000000eab00000)
  object space 96256K, 94% used [0x00000000c0000000,0x00000000c58c5a28,0x00000000c5e00000)
 Metaspace       used 56974K, committed 58048K, reserved 1114112K
  class space    used 6088K, committed 6592K, reserved 1048576K
}
Event: 25.357 GC heap after
{Heap after GC invocations=47 (full 3):
 PSYoungGen      total 18944K, used 3655K [0x00000000eab00000, 0x00000000ec180000, 0x0000000100000000)
  eden space 14848K, 0% used [0x00000000eab00000,0x00000000eab00000,0x00000000eb980000)
  from space 4096K, 89% used [0x00000000eb980000,0x00000000ebd11d28,0x00000000ebd80000)
  to   space 4096K, 0% used [0x00000000ebd80000,0x00000000ebd80000,0x00000000ec180000)
 ParOldGen       total 96256K, used 94147K [0x00000000c0000000, 0x00000000c5e00000, 0x00000000eab00000)
  object space 96256K, 97% used [0x00000000c0000000,0x00000000c5bf0d28,0x00000000c5e00000)
 Metaspace       used 56974K, committed 58048K, reserved 1114112K
  class space    used 6088K, committed 6592K, reserved 1048576K
}
Event: 25.498 GC heap before
{Heap before GC invocations=48 (full 4):
 PSYoungGen      total 18944K, used 17639K [0x00000000eab00000, 0x00000000ec180000, 0x0000000100000000)
  eden space 14848K, 94% used [0x00000000eab00000,0x00000000eb8a8230,0x00000000eb980000)
  from space 4096K, 89% used [0x00000000eb980000,0x00000000ebd11d28,0x00000000ebd80000)
  to   space 4096K, 0% used [0x00000000ebd80000,0x00000000ebd80000,0x00000000ec180000)
 ParOldGen       total 96256K, used 94147K [0x00000000c0000000, 0x00000000c5e00000, 0x00000000eab00000)
  object space 96256K, 97% used [0x00000000c0000000,0x00000000c5bf0d28,0x00000000c5e00000)
 Metaspace       used 56986K, committed 58112K, reserved 1114112K
  class space    used 6088K, committed 6592K, reserved 1048576K
}
Event: 25.587 GC heap after
{Heap after GC invocations=48 (full 4):
 PSYoungGen      total 18944K, used 795K [0x00000000eab00000, 0x00000000ec180000, 0x0000000100000000)
  eden space 14848K, 0% used [0x00000000eab00000,0x00000000eab00000,0x00000000eb980000)
  from space 4096K, 19% used [0x00000000eb980000,0x00000000eba46c20,0x00000000ebd80000)
  to   space 4096K, 0% used [0x00000000ebd80000,0x00000000ebd80000,0x00000000ec180000)
 ParOldGen       total 124416K, used 96122K [0x00000000c0000000, 0x00000000c7980000, 0x00000000eab00000)
  object space 124416K, 77% used [0x00000000c0000000,0x00000000c5dde808,0x00000000c7980000)
 Metaspace       used 56986K, committed 58112K, reserved 1114112K
  class space    used 6088K, committed 6592K, reserved 1048576K
}
Event: 25.780 GC heap before
{Heap before GC invocations=49 (full 4):
 PSYoungGen      total 18944K, used 15643K [0x00000000eab00000, 0x00000000ec180000, 0x0000000100000000)
  eden space 14848K, 100% used [0x00000000eab00000,0x00000000eb980000,0x00000000eb980000)
  from space 4096K, 19% used [0x00000000eb980000,0x00000000eba46c20,0x00000000ebd80000)
  to   space 4096K, 0% used [0x00000000ebd80000,0x00000000ebd80000,0x00000000ec180000)
 ParOldGen       total 124416K, used 96122K [0x00000000c0000000, 0x00000000c7980000, 0x00000000eab00000)
  object space 124416K, 77% used [0x00000000c0000000,0x00000000c5dde808,0x00000000c7980000)
 Metaspace       used 57001K, committed 58112K, reserved 1114112K
  class space    used 6089K, committed 6592K, reserved 1048576K
}
Event: 25.788 GC heap after
{Heap after GC invocations=49 (full 4):
 PSYoungGen      total 16896K, used 4090K [0x00000000eab00000, 0x00000000ec580000, 0x0000000100000000)
  eden space 12800K, 0% used [0x00000000eab00000,0x00000000eab00000,0x00000000eb780000)
  from space 4096K, 99% used [0x00000000ebd80000,0x00000000ec17eb18,0x00000000ec180000)
  to   space 6144K, 0% used [0x00000000eb780000,0x00000000eb780000,0x00000000ebd80000)
 ParOldGen       total 124416K, used 97509K [0x00000000c0000000, 0x00000000c7980000, 0x00000000eab00000)
  object space 124416K, 78% used [0x00000000c0000000,0x00000000c5f39600,0x00000000c7980000)
 Metaspace       used 57001K, committed 58112K, reserved 1114112K
  class space    used 6089K, committed 6592K, reserved 1048576K
}
Event: 25.890 GC heap before
{Heap before GC invocations=50 (full 4):
 PSYoungGen      total 16896K, used 16890K [0x00000000eab00000, 0x00000000ec580000, 0x0000000100000000)
  eden space 12800K, 100% used [0x00000000eab00000,0x00000000eb780000,0x00000000eb780000)
  from space 4096K, 99% used [0x00000000ebd80000,0x00000000ec17eb18,0x00000000ec180000)
  to   space 6144K, 0% used [0x00000000eb780000,0x00000000eb780000,0x00000000ebd80000)
 ParOldGen       total 124416K, used 97509K [0x00000000c0000000, 0x00000000c7980000, 0x00000000eab00000)
  object space 124416K, 78% used [0x00000000c0000000,0x00000000c5f39600,0x00000000c7980000)
 Metaspace       used 57001K, committed 58112K, reserved 1114112K
  class space    used 6089K, committed 6592K, reserved 1048576K
}
Event: 25.898 GC heap after
{Heap after GC invocations=50 (full 4):
 PSYoungGen      total 16384K, used 3114K [0x00000000eab00000, 0x00000000ebf80000, 0x0000000100000000)
  eden space 12800K, 0% used [0x00000000eab00000,0x00000000eab00000,0x00000000eb780000)
  from space 3584K, 86% used [0x00000000eb780000,0x00000000eba8a958,0x00000000ebb00000)
  to   space 4096K, 0% used [0x00000000ebb80000,0x00000000ebb80000,0x00000000ebf80000)
 ParOldGen       total 124416K, used 103286K [0x00000000c0000000, 0x00000000c7980000, 0x00000000eab00000)
  object space 124416K, 83% used [0x00000000c0000000,0x00000000c64ddb38,0x00000000c7980000)
 Metaspace       used 57001K, committed 58112K, reserved 1114112K
  class space    used 6089K, committed 6592K, reserved 1048576K
}
Event: 26.015 GC heap before
{Heap before GC invocations=51 (full 4):
 PSYoungGen      total 16384K, used 15914K [0x00000000eab00000, 0x00000000ebf80000, 0x0000000100000000)
  eden space 12800K, 100% used [0x00000000eab00000,0x00000000eb780000,0x00000000eb780000)
  from space 3584K, 86% used [0x00000000eb780000,0x00000000eba8a958,0x00000000ebb00000)
  to   space 4096K, 0% used [0x00000000ebb80000,0x00000000ebb80000,0x00000000ebf80000)
 ParOldGen       total 124416K, used 103286K [0x00000000c0000000, 0x00000000c7980000, 0x00000000eab00000)
  object space 124416K, 83% used [0x00000000c0000000,0x00000000c64ddb38,0x00000000c7980000)
 Metaspace       used 57001K, committed 58112K, reserved 1114112K
  class space    used 6089K, committed 6592K, reserved 1048576K
}
Event: 26.069 GC heap after
{Heap after GC invocations=51 (full 4):
 PSYoungGen      total 16384K, used 3189K [0x00000000eab00000, 0x00000000ebf00000, 0x0000000100000000)
  eden space 12800K, 0% used [0x00000000eab00000,0x00000000eab00000,0x00000000eb780000)
  from space 3584K, 88% used [0x00000000ebb80000,0x00000000ebe9d648,0x00000000ebf00000)
  to   space 3584K, 0% used [0x00000000eb780000,0x00000000eb780000,0x00000000ebb00000)
 ParOldGen       total 124416K, used 106163K [0x00000000c0000000, 0x00000000c7980000, 0x00000000eab00000)
  object space 124416K, 85% used [0x00000000c0000000,0x00000000c67acdc0,0x00000000c7980000)
 Metaspace       used 57001K, committed 58112K, reserved 1114112K
  class space    used 6089K, committed 6592K, reserved 1048576K
}
Event: 26.265 GC heap before
{Heap before GC invocations=52 (full 4):
 PSYoungGen      total 16384K, used 15989K [0x00000000eab00000, 0x00000000ebf00000, 0x0000000100000000)
  eden space 12800K, 100% used [0x00000000eab00000,0x00000000eb780000,0x00000000eb780000)
  from space 3584K, 88% used [0x00000000ebb80000,0x00000000ebe9d648,0x00000000ebf00000)
  to   space 3584K, 0% used [0x00000000eb780000,0x00000000eb780000,0x00000000ebb00000)
 ParOldGen       total 124416K, used 106163K [0x00000000c0000000, 0x00000000c7980000, 0x00000000eab00000)
  object space 124416K, 85% used [0x00000000c0000000,0x00000000c67acdc0,0x00000000c7980000)
 Metaspace       used 57002K, committed 58112K, reserved 1114112K
  class space    used 6089K, committed 6592K, reserved 1048576K
}
Event: 26.329 GC heap after
{Heap after GC invocations=52 (full 4):
 PSYoungGen      total 15872K, used 2960K [0x00000000eab00000, 0x00000000ebd80000, 0x0000000100000000)
  eden space 12800K, 0% used [0x00000000eab00000,0x00000000eab00000,0x00000000eb780000)
  from space 3072K, 96% used [0x00000000eb780000,0x00000000eba64020,0x00000000eba80000)
  to   space 3072K, 0% used [0x00000000eba80000,0x00000000eba80000,0x00000000ebd80000)
 ParOldGen       total 124416K, used 109007K [0x00000000c0000000, 0x00000000c7980000, 0x00000000eab00000)
  object space 124416K, 87% used [0x00000000c0000000,0x00000000c6a73ca8,0x00000000c7980000)
 Metaspace       used 57002K, committed 58112K, reserved 1114112K
  class space    used 6089K, committed 6592K, reserved 1048576K
}
Event: 26.806 GC heap before
{Heap before GC invocations=53 (full 4):
 PSYoungGen      total 15872K, used 15760K [0x00000000eab00000, 0x00000000ebd80000, 0x0000000100000000)
  eden space 12800K, 100% used [0x00000000eab00000,0x00000000eb780000,0x00000000eb780000)
  from space 3072K, 96% used [0x00000000eb780000,0x00000000eba64020,0x00000000eba80000)
  to   space 3072K, 0% used [0x00000000eba80000,0x00000000eba80000,0x00000000ebd80000)
 ParOldGen       total 124416K, used 109007K [0x00000000c0000000, 0x00000000c7980000, 0x00000000eab00000)
  object space 124416K, 87% used [0x00000000c0000000,0x00000000c6a73ca8,0x00000000c7980000)
 Metaspace       used 57006K, committed 58112K, reserved 1114112K
  class space    used 6089K, committed 6592K, reserved 1048576K
}
Event: 26.809 GC heap after
{Heap after GC invocations=53 (full 4):
 PSYoungGen      total 15872K, used 3050K [0x00000000eab00000, 0x00000000ebd80000, 0x0000000100000000)
  eden space 12800K, 0% used [0x00000000eab00000,0x00000000eab00000,0x00000000eb780000)
  from space 3072K, 99% used [0x00000000eba80000,0x00000000ebd7a848,0x00000000ebd80000)
  to   space 3072K, 0% used [0x00000000eb780000,0x00000000eb780000,0x00000000eba80000)
 ParOldGen       total 124416K, used 111778K [0x00000000c0000000, 0x00000000c7980000, 0x00000000eab00000)
  object space 124416K, 89% used [0x00000000c0000000,0x00000000c6d28af0,0x00000000c7980000)
 Metaspace       used 57006K, committed 58112K, reserved 1114112K
  class space    used 6089K, committed 6592K, reserved 1048576K
}

