# JRE version: OpenJDK Runtime Environment Temurin-17.0.13+11 (17.0.13+11) (build 17.0.13+11)
# Java VM: OpenJDK 64-Bit Server VM Temurin-17.0.13+11 (17.0.13+11, mixed mode, tiered, compressed oops, compressed class ptrs, parallel gc, windows-amd64)
GC Precious Log:
 CPUs: 16 total, 16 available
 Memory: 7860M
 Large Page Support: Disabled
 NUMA Support: Disabled
 Compressed Oops: Enabled (32-bit)
 Alignments: Space 512K, Generation 512K, Heap 2M
 Heap Min Capacity: 100M
 Heap Initial Capacity: 100M
 Heap Max Capacity: 1G
 Pre-touch: Disabled
 Parallel Workers: 13
Heap:
 PSYoungGen      total 20992K, used 7613K [0x00000000eab00000, 0x00000000ec480000, 0x0000000100000000)
  eden space 17408K, 23% used [0x00000000eab00000,0x00000000eaef0c48,0x00000000ebc00000)
  from space 3584K, 99% used [0x00000000ec100000,0x00000000ec47e8f0,0x00000000ec480000)
  to   space 4096K, 0% used [0x00000000ebc80000,0x00000000ebc80000,0x00000000ec080000)
 ParOldGen       total 68608K, used 52146K [0x00000000c0000000, 0x00000000c4300000, 0x00000000eab00000)
  object space 68608K, 76% used [0x00000000c0000000,0x00000000c32ecb18,0x00000000c4300000)
 Metaspace       used 55178K, committed 56256K, reserved 1114112K
  class space    used 5857K, committed 6336K, reserved 1048576K
GC Heap History (20 events):
Event: 9.800 GC heap before
{Heap before GC invocations=20 (full 2):
 PSYoungGen      total 24064K, used 23983K [0x00000000eab00000, 0x00000000ec480000, 0x0000000100000000)
  eden space 22016K, 100% used [0x00000000eab00000,0x00000000ec080000,0x00000000ec080000)
  from space 2048K, 96% used [0x00000000ec080000,0x00000000ec26bea8,0x00000000ec280000)
  to   space 2048K, 0% used [0x00000000ec280000,0x00000000ec280000,0x00000000ec480000)
 ParOldGen       total 68608K, used 21235K [0x00000000c0000000, 0x00000000c4300000, 0x00000000eab00000)
  object space 68608K, 30% used [0x00000000c0000000,0x00000000c14bcc98,0x00000000c4300000)
 Metaspace       used 47668K, committed 48640K, reserved 1114112K
  class space    used 4978K, committed 5376K, reserved 1048576K
}
Event: 9.803 GC heap after
{Heap after GC invocations=20 (full 2):
 PSYoungGen      total 21504K, used 2038K [0x00000000eab00000, 0x00000000ec980000, 0x0000000100000000)
  eden space 19456K, 0% used [0x00000000eab00000,0x00000000eab00000,0x00000000ebe00000)
  from space 2048K, 99% used [0x00000000ec280000,0x00000000ec47db78,0x00000000ec480000)
  to   space 4608K, 0% used [0x00000000ebe00000,0x00000000ebe00000,0x00000000ec280000)
 ParOldGen       total 68608K, used 23058K [0x00000000c0000000, 0x00000000c4300000, 0x00000000eab00000)
  object space 68608K, 33% used [0x00000000c0000000,0x00000000c1684830,0x00000000c4300000)
 Metaspace       used 47668K, committed 48640K, reserved 1114112K
  class space    used 4978K, committed 5376K, reserved 1048576K
}
Event: 9.865 GC heap before
{Heap before GC invocations=21 (full 2):
 PSYoungGen      total 21504K, used 21494K [0x00000000eab00000, 0x00000000ec980000, 0x0000000100000000)
  eden space 19456K, 100% used [0x00000000eab00000,0x00000000ebe00000,0x00000000ebe00000)
  from space 2048K, 99% used [0x00000000ec280000,0x00000000ec47db78,0x00000000ec480000)
  to   space 4608K, 0% used [0x00000000ebe00000,0x00000000ebe00000,0x00000000ec280000)
 ParOldGen       total 68608K, used 23058K [0x00000000c0000000, 0x00000000c4300000, 0x00000000eab00000)
  object space 68608K, 33% used [0x00000000c0000000,0x00000000c1684858,0x00000000c4300000)
 Metaspace       used 47860K, committed 48768K, reserved 1114112K
  class space    used 5001K, committed 5376K, reserved 1048576K
}
Event: 9.868 GC heap after
{Heap after GC invocations=21 (full 2):
 PSYoungGen      total 24064K, used 2141K [0x00000000eab00000, 0x00000000ec680000, 0x0000000100000000)
  eden space 19456K, 0% used [0x00000000eab00000,0x00000000eab00000,0x00000000ebe00000)
  from space 4608K, 46% used [0x00000000ebe00000,0x00000000ec017418,0x00000000ec280000)
  to   space 3072K, 0% used [0x00000000ec380000,0x00000000ec380000,0x00000000ec680000)
 ParOldGen       total 68608K, used 25059K [0x00000000c0000000, 0x00000000c4300000, 0x00000000eab00000)
  object space 68608K, 36% used [0x00000000c0000000,0x00000000c1878ec0,0x00000000c4300000)
 Metaspace       used 47860K, committed 48768K, reserved 1114112K
  class space    used 5001K, committed 5376K, reserved 1048576K
}
Event: 10.043 GC heap before
{Heap before GC invocations=22 (full 2):
 PSYoungGen      total 24064K, used 21597K [0x00000000eab00000, 0x00000000ec680000, 0x0000000100000000)
  eden space 19456K, 100% used [0x00000000eab00000,0x00000000ebe00000,0x00000000ebe00000)
  from space 4608K, 46% used [0x00000000ebe00000,0x00000000ec017418,0x00000000ec280000)
  to   space 3072K, 0% used [0x00000000ec380000,0x00000000ec380000,0x00000000ec680000)
 ParOldGen       total 68608K, used 25079K [0x00000000c0000000, 0x00000000c4300000, 0x00000000eab00000)
  object space 68608K, 36% used [0x00000000c0000000,0x00000000c187dc80,0x00000000c4300000)
 Metaspace       used 49068K, committed 50048K, reserved 1114112K
  class space    used 5137K, committed 5568K, reserved 1048576K
}
Event: 10.048 GC heap after
{Heap after GC invocations=22 (full 2):
 PSYoungGen      total 22528K, used 3049K [0x00000000eab00000, 0x00000000ec900000, 0x0000000100000000)
  eden space 19456K, 0% used [0x00000000eab00000,0x00000000eab00000,0x00000000ebe00000)
  from space 3072K, 99% used [0x00000000ec380000,0x00000000ec67a520,0x00000000ec680000)
  to   space 5632K, 0% used [0x00000000ebe00000,0x00000000ebe00000,0x00000000ec380000)
 ParOldGen       total 68608K, used 27050K [0x00000000c0000000, 0x00000000c4300000, 0x00000000eab00000)
  object space 68608K, 39% used [0x00000000c0000000,0x00000000c1a6a9d0,0x00000000c4300000)
 Metaspace       used 49068K, committed 50048K, reserved 1114112K
  class space    used 5137K, committed 5568K, reserved 1048576K
}
Event: 10.244 GC heap before
{Heap before GC invocations=23 (full 2):
 PSYoungGen      total 22528K, used 22505K [0x00000000eab00000, 0x00000000ec900000, 0x0000000100000000)
  eden space 19456K, 100% used [0x00000000eab00000,0x00000000ebe00000,0x00000000ebe00000)
  from space 3072K, 99% used [0x00000000ec380000,0x00000000ec67a520,0x00000000ec680000)
  to   space 5632K, 0% used [0x00000000ebe00000,0x00000000ebe00000,0x00000000ec380000)
 ParOldGen       total 68608K, used 27050K [0x00000000c0000000, 0x00000000c4300000, 0x00000000eab00000)
  object space 68608K, 39% used [0x00000000c0000000,0x00000000c1a6a9d0,0x00000000c4300000)
 Metaspace       used 50753K, committed 51776K, reserved 1114112K
  class space    used 5297K, committed 5824K, reserved 1048576K
}
Event: 10.248 GC heap after
{Heap after GC invocations=23 (full 2):
 PSYoungGen      total 22528K, used 2777K [0x00000000eab00000, 0x00000000ec600000, 0x0000000100000000)
  eden space 19456K, 0% used [0x00000000eab00000,0x00000000eab00000,0x00000000ebe00000)
  from space 3072K, 90% used [0x00000000ebe00000,0x00000000ec0b6630,0x00000000ec100000)
  to   space 4096K, 0% used [0x00000000ec200000,0x00000000ec200000,0x00000000ec600000)
 ParOldGen       total 68608K, used 29884K [0x00000000c0000000, 0x00000000c4300000, 0x00000000eab00000)
  object space 68608K, 43% used [0x00000000c0000000,0x00000000c1d2f3b8,0x00000000c4300000)
 Metaspace       used 50753K, committed 51776K, reserved 1114112K
  class space    used 5297K, committed 5824K, reserved 1048576K
}
Event: 10.420 GC heap before
{Heap before GC invocations=24 (full 2):
 PSYoungGen      total 22528K, used 22233K [0x00000000eab00000, 0x00000000ec600000, 0x0000000100000000)
  eden space 19456K, 100% used [0x00000000eab00000,0x00000000ebe00000,0x00000000ebe00000)
  from space 3072K, 90% used [0x00000000ebe00000,0x00000000ec0b6630,0x00000000ec100000)
  to   space 4096K, 0% used [0x00000000ec200000,0x00000000ec200000,0x00000000ec600000)
 ParOldGen       total 68608K, used 29884K [0x00000000c0000000, 0x00000000c4300000, 0x00000000eab00000)
  object space 68608K, 43% used [0x00000000c0000000,0x00000000c1d2f3b8,0x00000000c4300000)
 Metaspace       used 51869K, committed 52928K, reserved 1114112K
  class space    used 5446K, committed 5952K, reserved 1048576K
}
Event: 10.423 GC heap after
{Heap after GC invocations=24 (full 2):
 PSYoungGen      total 22528K, used 2988K [0x00000000eab00000, 0x00000000ec500000, 0x0000000100000000)
  eden space 19456K, 0% used [0x00000000eab00000,0x00000000eab00000,0x00000000ebe00000)
  from space 3072K, 97% used [0x00000000ec200000,0x00000000ec4eb0c8,0x00000000ec500000)
  to   space 3072K, 0% used [0x00000000ebe00000,0x00000000ebe00000,0x00000000ec100000)
 ParOldGen       total 68608K, used 32204K [0x00000000c0000000, 0x00000000c4300000, 0x00000000eab00000)
  object space 68608K, 46% used [0x00000000c0000000,0x00000000c1f73228,0x00000000c4300000)
 Metaspace       used 51869K, committed 52928K, reserved 1114112K
  class space    used 5446K, committed 5952K, reserved 1048576K
}
Event: 10.589 GC heap before
{Heap before GC invocations=25 (full 2):
 PSYoungGen      total 22528K, used 22444K [0x00000000eab00000, 0x00000000ec500000, 0x0000000100000000)
  eden space 19456K, 100% used [0x00000000eab00000,0x00000000ebe00000,0x00000000ebe00000)
  from space 3072K, 97% used [0x00000000ec200000,0x00000000ec4eb0c8,0x00000000ec500000)
  to   space 3072K, 0% used [0x00000000ebe00000,0x00000000ebe00000,0x00000000ec100000)
 ParOldGen       total 68608K, used 32204K [0x00000000c0000000, 0x00000000c4300000, 0x00000000eab00000)
  object space 68608K, 46% used [0x00000000c0000000,0x00000000c1f73228,0x00000000c4300000)
 Metaspace       used 52691K, committed 53696K, reserved 1114112K
  class space    used 5540K, committed 6016K, reserved 1048576K
}
Event: 10.594 GC heap after
{Heap after GC invocations=25 (full 2):
 PSYoungGen      total 22528K, used 3071K [0x00000000eab00000, 0x00000000ecc00000, 0x0000000100000000)
  eden space 19456K, 0% used [0x00000000eab00000,0x00000000eab00000,0x00000000ebe00000)
  from space 3072K, 99% used [0x00000000ebe00000,0x00000000ec0ffdd8,0x00000000ec100000)
  to   space 7168K, 0% used [0x00000000ec500000,0x00000000ec500000,0x00000000ecc00000)
 ParOldGen       total 68608K, used 35437K [0x00000000c0000000, 0x00000000c4300000, 0x00000000eab00000)
  object space 68608K, 51% used [0x00000000c0000000,0x00000000c229b7a8,0x00000000c4300000)
 Metaspace       used 52691K, committed 53696K, reserved 1114112K
  class space    used 5540K, committed 6016K, reserved 1048576K
}
Event: 10.790 GC heap before
{Heap before GC invocations=26 (full 2):
 PSYoungGen      total 22528K, used 22527K [0x00000000eab00000, 0x00000000ecc00000, 0x0000000100000000)
  eden space 19456K, 100% used [0x00000000eab00000,0x00000000ebe00000,0x00000000ebe00000)
  from space 3072K, 99% used [0x00000000ebe00000,0x00000000ec0ffdd8,0x00000000ec100000)
  to   space 7168K, 0% used [0x00000000ec500000,0x00000000ec500000,0x00000000ecc00000)
 ParOldGen       total 68608K, used 35437K [0x00000000c0000000, 0x00000000c4300000, 0x00000000eab00000)
  object space 68608K, 51% used [0x00000000c0000000,0x00000000c229b7a8,0x00000000c4300000)
 Metaspace       used 53351K, committed 54336K, reserved 1114112K
  class space    used 5615K, committed 6080K, reserved 1048576K
}
Event: 10.795 GC heap after
{Heap after GC invocations=26 (full 2):
 PSYoungGen      total 23040K, used 3581K [0x00000000eab00000, 0x00000000ec880000, 0x0000000100000000)
  eden space 19456K, 0% used [0x00000000eab00000,0x00000000eab00000,0x00000000ebe00000)
  from space 3584K, 99% used [0x00000000ec500000,0x00000000ec87f4c0,0x00000000ec880000)
  to   space 4608K, 0% used [0x00000000ebf80000,0x00000000ebf80000,0x00000000ec400000)
 ParOldGen       total 68608K, used 38403K [0x00000000c0000000, 0x00000000c4300000, 0x00000000eab00000)
  object space 68608K, 55% used [0x00000000c0000000,0x00000000c2580c10,0x00000000c4300000)
 Metaspace       used 53351K, committed 54336K, reserved 1114112K
  class space    used 5615K, committed 6080K, reserved 1048576K
}
Event: 10.945 GC heap before
{Heap before GC invocations=27 (full 2):
 PSYoungGen      total 23040K, used 23037K [0x00000000eab00000, 0x00000000ec880000, 0x0000000100000000)
  eden space 19456K, 100% used [0x00000000eab00000,0x00000000ebe00000,0x00000000ebe00000)
  from space 3584K, 99% used [0x00000000ec500000,0x00000000ec87f4c0,0x00000000ec880000)
  to   space 4608K, 0% used [0x00000000ebf80000,0x00000000ebf80000,0x00000000ec400000)
 ParOldGen       total 68608K, used 38403K [0x00000000c0000000, 0x00000000c4300000, 0x00000000eab00000)
  object space 68608K, 55% used [0x00000000c0000000,0x00000000c2580c10,0x00000000c4300000)
 Metaspace       used 53768K, committed 54784K, reserved 1114112K
  class space    used 5673K, committed 6144K, reserved 1048576K
}
Event: 10.949 GC heap after
{Heap after GC invocations=27 (full 2):
 PSYoungGen      total 24064K, used 4114K [0x00000000eab00000, 0x00000000ec700000, 0x0000000100000000)
  eden space 19456K, 0% used [0x00000000eab00000,0x00000000eab00000,0x00000000ebe00000)
  from space 4608K, 89% used [0x00000000ebf80000,0x00000000ec384848,0x00000000ec400000)
  to   space 3072K, 0% used [0x00000000ec400000,0x00000000ec400000,0x00000000ec700000)
 ParOldGen       total 68608K, used 41636K [0x00000000c0000000, 0x00000000c4300000, 0x00000000eab00000)
  object space 68608K, 60% used [0x00000000c0000000,0x00000000c28a9058,0x00000000c4300000)
 Metaspace       used 53768K, committed 54784K, reserved 1114112K
  class space    used 5673K, committed 6144K, reserved 1048576K
}
Event: 11.096 GC heap before
{Heap before GC invocations=28 (full 2):
 PSYoungGen      total 24064K, used 23570K [0x00000000eab00000, 0x00000000ec700000, 0x0000000100000000)
  eden space 19456K, 100% used [0x00000000eab00000,0x00000000ebe00000,0x00000000ebe00000)
  from space 4608K, 89% used [0x00000000ebf80000,0x00000000ec384848,0x00000000ec400000)
  to   space 3072K, 0% used [0x00000000ec400000,0x00000000ec400000,0x00000000ec700000)
 ParOldGen       total 68608K, used 41636K [0x00000000c0000000, 0x00000000c4300000, 0x00000000eab00000)
  object space 68608K, 60% used [0x00000000c0000000,0x00000000c28a9058,0x00000000c4300000)
 Metaspace       used 54108K, committed 55104K, reserved 1114112K
  class space    used 5729K, committed 6208K, reserved 1048576K
}
Event: 11.100 GC heap after
{Heap after GC invocations=28 (full 2):
 PSYoungGen      total 20480K, used 3053K [0x00000000eab00000, 0x00000000ece00000, 0x0000000100000000)
  eden space 17408K, 0% used [0x00000000eab00000,0x00000000eab00000,0x00000000ebc00000)
  from space 3072K, 99% used [0x00000000ec400000,0x00000000ec6fb570,0x00000000ec700000)
  to   space 8192K, 0% used [0x00000000ebc00000,0x00000000ebc00000,0x00000000ec400000)
 ParOldGen       total 68608K, used 46127K [0x00000000c0000000, 0x00000000c4300000, 0x00000000eab00000)
  object space 68608K, 67% used [0x00000000c0000000,0x00000000c2d0be10,0x00000000c4300000)
 Metaspace       used 54108K, committed 55104K, reserved 1114112K
  class space    used 5729K, committed 6208K, reserved 1048576K
}
Event: 11.279 GC heap before
{Heap before GC invocations=29 (full 2):
 PSYoungGen      total 20480K, used 20461K [0x00000000eab00000, 0x00000000ece00000, 0x0000000100000000)
  eden space 17408K, 100% used [0x00000000eab00000,0x00000000ebc00000,0x00000000ebc00000)
  from space 3072K, 99% used [0x00000000ec400000,0x00000000ec6fb570,0x00000000ec700000)
  to   space 8192K, 0% used [0x00000000ebc00000,0x00000000ebc00000,0x00000000ec400000)
 ParOldGen       total 68608K, used 46127K [0x00000000c0000000, 0x00000000c4300000, 0x00000000eab00000)
  object space 68608K, 67% used [0x00000000c0000000,0x00000000c2d0be10,0x00000000c4300000)
 Metaspace       used 54663K, committed 55680K, reserved 1114112K
  class space    used 5802K, committed 6272K, reserved 1048576K
}
Event: 11.283 GC heap after
{Heap after GC invocations=29 (full 2):
 PSYoungGen      total 20992K, used 3370K [0x00000000eab00000, 0x00000000ec600000, 0x0000000100000000)
  eden space 17408K, 0% used [0x00000000eab00000,0x00000000eab00000,0x00000000ebc00000)
  from space 3584K, 94% used [0x00000000ebc00000,0x00000000ebf4aa40,0x00000000ebf80000)
  to   space 5120K, 0% used [0x00000000ec100000,0x00000000ec100000,0x00000000ec600000)
 ParOldGen       total 68608K, used 49100K [0x00000000c0000000, 0x00000000c4300000, 0x00000000eab00000)
  object space 68608K, 71% used [0x00000000c0000000,0x00000000c2ff3340,0x00000000c4300000)
 Metaspace       used 54663K, committed 55680K, reserved 1114112K
  class space    used 5802K, committed 6272K, reserved 1048576K
}

